06/03 19:54:00 INFO agentware.SimClient|next simulation 13 has already started
06/03 19:54:00 SEVERE agentware.SimClient|No agent registered to receive Message[coordinator,adv1,tau.tac.adx.report.demand.InitialCampaignMessage[214123334,6507,1,5,6507,[MALE, OLD],2.744833705047091,2.2497827883185586,demand,[]]]
06/03 19:54:00 SEVERE agentware.SimClient|No agent registered to receive Message[coordinator,adv1,tau.tac.adx.report.demand.CampaignOpportunityMessage[477595719,1987,2,4,[MALE, HIGH_INCOME],2.7850657674136006,2.059274964644411,0,[]]]
06/03 19:55:32 INFO agentware.SimClient|next simulation starts in 27 seconds
06/03 19:56:32 INFO agentware.SimClient|next simulation 14 has already started
06/03 19:57:25 SEVERE agentware.ServerConnection|(5) connection to server failed
java.net.ConnectException: Connection refused
	at java.net.PlainSocketImpl.socketConnect(Native Method)
	at java.net.AbstractPlainSocketImpl.doConnect(AbstractPlainSocketImpl.java:345)
	at java.net.AbstractPlainSocketImpl.connectToAddress(AbstractPlainSocketImpl.java:206)
	at java.net.AbstractPlainSocketImpl.connect(AbstractPlainSocketImpl.java:188)
	at java.net.SocksSocketImpl.connect(SocksSocketImpl.java:392)
	at java.net.Socket.connect(Socket.java:589)
	at java.net.Socket.connect(Socket.java:538)
	at java.net.Socket.<init>(Socket.java:434)
	at java.net.Socket.<init>(Socket.java:211)
	at tau.tac.adx.agentware.ServerConnection.connect(ServerConnection.java:136)
	at tau.tac.adx.agentware.ServerConnection.run(ServerConnection.java:199)
	at java.lang.Thread.run(Thread.java:745)
06/03 19:57:25 SEVERE agentware.SimClient|************************************************************
06/03 19:57:25 SEVERE agentware.SimClient|* Connection Failed
06/03 19:57:25 SEVERE agentware.SimClient|* Could not connect to localhost (will retry in 30 seconds)
06/03 19:57:25 SEVERE agentware.SimClient|************************************************************
06/03 19:57:55 SEVERE agentware.ServerConnection|(5) connection to server failed
java.net.ConnectException: Connection refused
	at java.net.PlainSocketImpl.socketConnect(Native Method)
	at java.net.AbstractPlainSocketImpl.doConnect(AbstractPlainSocketImpl.java:345)
	at java.net.AbstractPlainSocketImpl.connectToAddress(AbstractPlainSocketImpl.java:206)
	at java.net.AbstractPlainSocketImpl.connect(AbstractPlainSocketImpl.java:188)
	at java.net.SocksSocketImpl.connect(SocksSocketImpl.java:392)
	at java.net.Socket.connect(Socket.java:589)
	at java.net.Socket.connect(Socket.java:538)
	at java.net.Socket.<init>(Socket.java:434)
	at java.net.Socket.<init>(Socket.java:211)
	at tau.tac.adx.agentware.ServerConnection.connect(ServerConnection.java:136)
	at tau.tac.adx.agentware.ServerConnection.run(ServerConnection.java:199)
	at java.lang.Thread.run(Thread.java:745)
06/03 19:57:55 SEVERE agentware.SimClient|************************************************************
06/03 19:57:55 SEVERE agentware.SimClient|* Connection Failed
06/03 19:57:55 SEVERE agentware.SimClient|* Could not connect to localhost (will retry in 30 seconds)
06/03 19:57:55 SEVERE agentware.SimClient|************************************************************
06/03 19:58:25 SEVERE agentware.ServerConnection|(5) connection to server failed
java.net.ConnectException: Connection refused
	at java.net.PlainSocketImpl.socketConnect(Native Method)
	at java.net.AbstractPlainSocketImpl.doConnect(AbstractPlainSocketImpl.java:345)
	at java.net.AbstractPlainSocketImpl.connectToAddress(AbstractPlainSocketImpl.java:206)
	at java.net.AbstractPlainSocketImpl.connect(AbstractPlainSocketImpl.java:188)
	at java.net.SocksSocketImpl.connect(SocksSocketImpl.java:392)
	at java.net.Socket.connect(Socket.java:589)
	at java.net.Socket.connect(Socket.java:538)
	at java.net.Socket.<init>(Socket.java:434)
	at java.net.Socket.<init>(Socket.java:211)
	at tau.tac.adx.agentware.ServerConnection.connect(ServerConnection.java:136)
	at tau.tac.adx.agentware.ServerConnection.run(ServerConnection.java:199)
	at java.lang.Thread.run(Thread.java:745)
06/03 19:58:25 SEVERE agentware.SimClient|************************************************************
06/03 19:58:25 SEVERE agentware.SimClient|* Connection Failed
06/03 19:58:25 SEVERE agentware.SimClient|* Could not connect to localhost (will retry in 30 seconds)
06/03 19:58:25 SEVERE agentware.SimClient|************************************************************
06/03 19:58:55 SEVERE agentware.ServerConnection|(5) connection to server failed
java.net.ConnectException: Connection refused
	at java.net.PlainSocketImpl.socketConnect(Native Method)
	at java.net.AbstractPlainSocketImpl.doConnect(AbstractPlainSocketImpl.java:345)
	at java.net.AbstractPlainSocketImpl.connectToAddress(AbstractPlainSocketImpl.java:206)
	at java.net.AbstractPlainSocketImpl.connect(AbstractPlainSocketImpl.java:188)
	at java.net.SocksSocketImpl.connect(SocksSocketImpl.java:392)
	at java.net.Socket.connect(Socket.java:589)
	at java.net.Socket.connect(Socket.java:538)
	at java.net.Socket.<init>(Socket.java:434)
	at java.net.Socket.<init>(Socket.java:211)
	at tau.tac.adx.agentware.ServerConnection.connect(ServerConnection.java:136)
	at tau.tac.adx.agentware.ServerConnection.run(ServerConnection.java:199)
	at java.lang.Thread.run(Thread.java:745)
06/03 19:58:55 SEVERE agentware.SimClient|************************************************************
06/03 19:58:55 SEVERE agentware.SimClient|* Connection Failed
06/03 19:58:55 SEVERE agentware.SimClient|* Could not connect to localhost (will retry in 30 seconds)
06/03 19:58:55 SEVERE agentware.SimClient|************************************************************
06/03 19:59:25 SEVERE agentware.ServerConnection|(5) connection to server failed
java.net.ConnectException: Connection refused
	at java.net.PlainSocketImpl.socketConnect(Native Method)
	at java.net.AbstractPlainSocketImpl.doConnect(AbstractPlainSocketImpl.java:345)
	at java.net.AbstractPlainSocketImpl.connectToAddress(AbstractPlainSocketImpl.java:206)
	at java.net.AbstractPlainSocketImpl.connect(AbstractPlainSocketImpl.java:188)
	at java.net.SocksSocketImpl.connect(SocksSocketImpl.java:392)
	at java.net.Socket.connect(Socket.java:589)
	at java.net.Socket.connect(Socket.java:538)
	at java.net.Socket.<init>(Socket.java:434)
	at java.net.Socket.<init>(Socket.java:211)
	at tau.tac.adx.agentware.ServerConnection.connect(ServerConnection.java:136)
	at tau.tac.adx.agentware.ServerConnection.run(ServerConnection.java:199)
	at java.lang.Thread.run(Thread.java:745)
06/03 19:59:25 SEVERE agentware.SimClient|************************************************************
06/03 19:59:25 SEVERE agentware.SimClient|* Connection Failed
06/03 19:59:25 SEVERE agentware.SimClient|* Could not connect to localhost (will retry in 30 seconds)
06/03 19:59:25 SEVERE agentware.SimClient|************************************************************
06/03 19:59:55 SEVERE agentware.ServerConnection|(5) connection to server failed
java.net.ConnectException: Connection refused
	at java.net.PlainSocketImpl.socketConnect(Native Method)
	at java.net.AbstractPlainSocketImpl.doConnect(AbstractPlainSocketImpl.java:345)
	at java.net.AbstractPlainSocketImpl.connectToAddress(AbstractPlainSocketImpl.java:206)
	at java.net.AbstractPlainSocketImpl.connect(AbstractPlainSocketImpl.java:188)
	at java.net.SocksSocketImpl.connect(SocksSocketImpl.java:392)
	at java.net.Socket.connect(Socket.java:589)
	at java.net.Socket.connect(Socket.java:538)
	at java.net.Socket.<init>(Socket.java:434)
	at java.net.Socket.<init>(Socket.java:211)
	at tau.tac.adx.agentware.ServerConnection.connect(ServerConnection.java:136)
	at tau.tac.adx.agentware.ServerConnection.run(ServerConnection.java:199)
	at java.lang.Thread.run(Thread.java:745)
06/03 19:59:55 SEVERE agentware.SimClient|************************************************************
06/03 19:59:55 SEVERE agentware.SimClient|* Connection Failed
06/03 19:59:55 SEVERE agentware.SimClient|* Could not connect to localhost (will retry in 30 seconds)
06/03 19:59:55 SEVERE agentware.SimClient|************************************************************
06/03 20:00:25 SEVERE agentware.ServerConnection|(5) connection to server failed
java.net.ConnectException: Connection refused
	at java.net.PlainSocketImpl.socketConnect(Native Method)
	at java.net.AbstractPlainSocketImpl.doConnect(AbstractPlainSocketImpl.java:345)
	at java.net.AbstractPlainSocketImpl.connectToAddress(AbstractPlainSocketImpl.java:206)
	at java.net.AbstractPlainSocketImpl.connect(AbstractPlainSocketImpl.java:188)
	at java.net.SocksSocketImpl.connect(SocksSocketImpl.java:392)
	at java.net.Socket.connect(Socket.java:589)
	at java.net.Socket.connect(Socket.java:538)
	at java.net.Socket.<init>(Socket.java:434)
	at java.net.Socket.<init>(Socket.java:211)
	at tau.tac.adx.agentware.ServerConnection.connect(ServerConnection.java:136)
	at tau.tac.adx.agentware.ServerConnection.run(ServerConnection.java:199)
	at java.lang.Thread.run(Thread.java:745)
06/03 20:00:25 SEVERE agentware.SimClient|************************************************************
06/03 20:00:25 SEVERE agentware.SimClient|* Connection Failed
06/03 20:00:25 SEVERE agentware.SimClient|* Could not connect to localhost (will retry in 30 seconds)
06/03 20:00:25 SEVERE agentware.SimClient|************************************************************
06/03 20:00:55 SEVERE agentware.ServerConnection|(5) connection to server failed
java.net.ConnectException: Connection refused
	at java.net.PlainSocketImpl.socketConnect(Native Method)
	at java.net.AbstractPlainSocketImpl.doConnect(AbstractPlainSocketImpl.java:345)
	at java.net.AbstractPlainSocketImpl.connectToAddress(AbstractPlainSocketImpl.java:206)
	at java.net.AbstractPlainSocketImpl.connect(AbstractPlainSocketImpl.java:188)
	at java.net.SocksSocketImpl.connect(SocksSocketImpl.java:392)
	at java.net.Socket.connect(Socket.java:589)
	at java.net.Socket.connect(Socket.java:538)
	at java.net.Socket.<init>(Socket.java:434)
	at java.net.Socket.<init>(Socket.java:211)
	at tau.tac.adx.agentware.ServerConnection.connect(ServerConnection.java:136)
	at tau.tac.adx.agentware.ServerConnection.run(ServerConnection.java:199)
	at java.lang.Thread.run(Thread.java:745)
06/03 20:00:55 SEVERE agentware.SimClient|************************************************************
06/03 20:00:55 SEVERE agentware.SimClient|* Connection Failed
06/03 20:00:55 SEVERE agentware.SimClient|* Could not connect to localhost (will retry in 30 seconds)
06/03 20:00:55 SEVERE agentware.SimClient|************************************************************
06/03 20:01:25 SEVERE agentware.ServerConnection|(5) connection to server failed
java.net.ConnectException: Connection refused
	at java.net.PlainSocketImpl.socketConnect(Native Method)
	at java.net.AbstractPlainSocketImpl.doConnect(AbstractPlainSocketImpl.java:345)
	at java.net.AbstractPlainSocketImpl.connectToAddress(AbstractPlainSocketImpl.java:206)
	at java.net.AbstractPlainSocketImpl.connect(AbstractPlainSocketImpl.java:188)
	at java.net.SocksSocketImpl.connect(SocksSocketImpl.java:392)
	at java.net.Socket.connect(Socket.java:589)
	at java.net.Socket.connect(Socket.java:538)
	at java.net.Socket.<init>(Socket.java:434)
	at java.net.Socket.<init>(Socket.java:211)
	at tau.tac.adx.agentware.ServerConnection.connect(ServerConnection.java:136)
	at tau.tac.adx.agentware.ServerConnection.run(ServerConnection.java:199)
	at java.lang.Thread.run(Thread.java:745)
06/03 20:01:25 SEVERE agentware.SimClient|************************************************************
06/03 20:01:25 SEVERE agentware.SimClient|* Connection Failed
06/03 20:01:25 SEVERE agentware.SimClient|* Could not connect to localhost (will retry in 30 seconds)
06/03 20:01:25 SEVERE agentware.SimClient|************************************************************
06/03 20:01:55 SEVERE agentware.ServerConnection|(5) connection to server failed
java.net.ConnectException: Connection refused
	at java.net.PlainSocketImpl.socketConnect(Native Method)
	at java.net.AbstractPlainSocketImpl.doConnect(AbstractPlainSocketImpl.java:345)
	at java.net.AbstractPlainSocketImpl.connectToAddress(AbstractPlainSocketImpl.java:206)
	at java.net.AbstractPlainSocketImpl.connect(AbstractPlainSocketImpl.java:188)
	at java.net.SocksSocketImpl.connect(SocksSocketImpl.java:392)
	at java.net.Socket.connect(Socket.java:589)
	at java.net.Socket.connect(Socket.java:538)
	at java.net.Socket.<init>(Socket.java:434)
	at java.net.Socket.<init>(Socket.java:211)
	at tau.tac.adx.agentware.ServerConnection.connect(ServerConnection.java:136)
	at tau.tac.adx.agentware.ServerConnection.run(ServerConnection.java:199)
	at java.lang.Thread.run(Thread.java:745)
06/03 20:01:55 SEVERE agentware.SimClient|************************************************************
06/03 20:01:55 SEVERE agentware.SimClient|* Connection Failed
06/03 20:01:55 SEVERE agentware.SimClient|* Could not connect to localhost (will retry in 30 seconds)
06/03 20:01:55 SEVERE agentware.SimClient|************************************************************
06/03 20:02:25 SEVERE agentware.ServerConnection|(5) connection to server failed
java.net.ConnectException: Connection refused
	at java.net.PlainSocketImpl.socketConnect(Native Method)
	at java.net.AbstractPlainSocketImpl.doConnect(AbstractPlainSocketImpl.java:345)
	at java.net.AbstractPlainSocketImpl.connectToAddress(AbstractPlainSocketImpl.java:206)
	at java.net.AbstractPlainSocketImpl.connect(AbstractPlainSocketImpl.java:188)
	at java.net.SocksSocketImpl.connect(SocksSocketImpl.java:392)
	at java.net.Socket.connect(Socket.java:589)
	at java.net.Socket.connect(Socket.java:538)
	at java.net.Socket.<init>(Socket.java:434)
	at java.net.Socket.<init>(Socket.java:211)
	at tau.tac.adx.agentware.ServerConnection.connect(ServerConnection.java:136)
	at tau.tac.adx.agentware.ServerConnection.run(ServerConnection.java:199)
	at java.lang.Thread.run(Thread.java:745)
06/03 20:02:25 SEVERE agentware.SimClient|************************************************************
06/03 20:02:25 SEVERE agentware.SimClient|* Connection Failed
06/03 20:02:25 SEVERE agentware.SimClient|* Could not connect to localhost (will retry in 30 seconds)
06/03 20:02:25 SEVERE agentware.SimClient|************************************************************
06/03 20:02:55 SEVERE agentware.ServerConnection|(5) connection to server failed
java.net.ConnectException: Connection refused
	at java.net.PlainSocketImpl.socketConnect(Native Method)
	at java.net.AbstractPlainSocketImpl.doConnect(AbstractPlainSocketImpl.java:345)
	at java.net.AbstractPlainSocketImpl.connectToAddress(AbstractPlainSocketImpl.java:206)
	at java.net.AbstractPlainSocketImpl.connect(AbstractPlainSocketImpl.java:188)
	at java.net.SocksSocketImpl.connect(SocksSocketImpl.java:392)
	at java.net.Socket.connect(Socket.java:589)
	at java.net.Socket.connect(Socket.java:538)
	at java.net.Socket.<init>(Socket.java:434)
	at java.net.Socket.<init>(Socket.java:211)
	at tau.tac.adx.agentware.ServerConnection.connect(ServerConnection.java:136)
	at tau.tac.adx.agentware.ServerConnection.run(ServerConnection.java:199)
	at java.lang.Thread.run(Thread.java:745)
06/03 20:02:55 SEVERE agentware.SimClient|************************************************************
06/03 20:02:55 SEVERE agentware.SimClient|* Connection Failed
06/03 20:02:55 SEVERE agentware.SimClient|* Could not connect to localhost (will retry in 30 seconds)
06/03 20:02:55 SEVERE agentware.SimClient|************************************************************
06/03 20:03:25 SEVERE agentware.ServerConnection|(5) connection to server failed
java.net.ConnectException: Connection refused
	at java.net.PlainSocketImpl.socketConnect(Native Method)
	at java.net.AbstractPlainSocketImpl.doConnect(AbstractPlainSocketImpl.java:345)
	at java.net.AbstractPlainSocketImpl.connectToAddress(AbstractPlainSocketImpl.java:206)
	at java.net.AbstractPlainSocketImpl.connect(AbstractPlainSocketImpl.java:188)
	at java.net.SocksSocketImpl.connect(SocksSocketImpl.java:392)
	at java.net.Socket.connect(Socket.java:589)
	at java.net.Socket.connect(Socket.java:538)
	at java.net.Socket.<init>(Socket.java:434)
	at java.net.Socket.<init>(Socket.java:211)
	at tau.tac.adx.agentware.ServerConnection.connect(ServerConnection.java:136)
	at tau.tac.adx.agentware.ServerConnection.run(ServerConnection.java:199)
	at java.lang.Thread.run(Thread.java:745)
06/03 20:03:25 SEVERE agentware.SimClient|************************************************************
06/03 20:03:25 SEVERE agentware.SimClient|* Connection Failed
06/03 20:03:25 SEVERE agentware.SimClient|* Could not connect to localhost (will retry in 30 seconds)
06/03 20:03:25 SEVERE agentware.SimClient|************************************************************
06/03 20:03:56 INFO agentware.SimClient|next simulation starts in 3 seconds
