06/03 19:39:27 INFO agentware.SimClient|next simulation starts in 32 seconds
06/03 19:41:29 SEVERE agentware.ServerConnection|(2) connection to server failed
java.net.ConnectException: Connection refused
	at java.net.PlainSocketImpl.socketConnect(Native Method)
	at java.net.AbstractPlainSocketImpl.doConnect(AbstractPlainSocketImpl.java:345)
	at java.net.AbstractPlainSocketImpl.connectToAddress(AbstractPlainSocketImpl.java:206)
	at java.net.AbstractPlainSocketImpl.connect(AbstractPlainSocketImpl.java:188)
	at java.net.SocksSocketImpl.connect(SocksSocketImpl.java:392)
	at java.net.Socket.connect(Socket.java:589)
	at java.net.Socket.connect(Socket.java:538)
	at java.net.Socket.<init>(Socket.java:434)
	at java.net.Socket.<init>(Socket.java:211)
	at tau.tac.adx.agentware.ServerConnection.connect(ServerConnection.java:136)
	at tau.tac.adx.agentware.ServerConnection.run(ServerConnection.java:199)
	at java.lang.Thread.run(Thread.java:745)
06/03 19:41:29 SEVERE agentware.SimClient|************************************************************
06/03 19:41:29 SEVERE agentware.SimClient|* Connection Failed
06/03 19:41:29 SEVERE agentware.SimClient|* Could not connect to localhost (will retry in 30 seconds)
06/03 19:41:29 SEVERE agentware.SimClient|************************************************************
06/03 19:41:59 SEVERE agentware.ServerConnection|(2) connection to server failed
java.net.ConnectException: Connection refused
	at java.net.PlainSocketImpl.socketConnect(Native Method)
	at java.net.AbstractPlainSocketImpl.doConnect(AbstractPlainSocketImpl.java:345)
	at java.net.AbstractPlainSocketImpl.connectToAddress(AbstractPlainSocketImpl.java:206)
	at java.net.AbstractPlainSocketImpl.connect(AbstractPlainSocketImpl.java:188)
	at java.net.SocksSocketImpl.connect(SocksSocketImpl.java:392)
	at java.net.Socket.connect(Socket.java:589)
	at java.net.Socket.connect(Socket.java:538)
	at java.net.Socket.<init>(Socket.java:434)
	at java.net.Socket.<init>(Socket.java:211)
	at tau.tac.adx.agentware.ServerConnection.connect(ServerConnection.java:136)
	at tau.tac.adx.agentware.ServerConnection.run(ServerConnection.java:199)
	at java.lang.Thread.run(Thread.java:745)
06/03 19:41:59 SEVERE agentware.SimClient|************************************************************
06/03 19:41:59 SEVERE agentware.SimClient|* Connection Failed
06/03 19:41:59 SEVERE agentware.SimClient|* Could not connect to localhost (will retry in 30 seconds)
06/03 19:41:59 SEVERE agentware.SimClient|************************************************************
06/03 19:42:29 SEVERE agentware.ServerConnection|(2) connection to server failed
java.net.ConnectException: Connection refused
	at java.net.PlainSocketImpl.socketConnect(Native Method)
	at java.net.AbstractPlainSocketImpl.doConnect(AbstractPlainSocketImpl.java:345)
	at java.net.AbstractPlainSocketImpl.connectToAddress(AbstractPlainSocketImpl.java:206)
	at java.net.AbstractPlainSocketImpl.connect(AbstractPlainSocketImpl.java:188)
	at java.net.SocksSocketImpl.connect(SocksSocketImpl.java:392)
	at java.net.Socket.connect(Socket.java:589)
	at java.net.Socket.connect(Socket.java:538)
	at java.net.Socket.<init>(Socket.java:434)
	at java.net.Socket.<init>(Socket.java:211)
	at tau.tac.adx.agentware.ServerConnection.connect(ServerConnection.java:136)
	at tau.tac.adx.agentware.ServerConnection.run(ServerConnection.java:199)
	at java.lang.Thread.run(Thread.java:745)
06/03 19:42:29 SEVERE agentware.SimClient|************************************************************
06/03 19:42:29 SEVERE agentware.SimClient|* Connection Failed
06/03 19:42:29 SEVERE agentware.SimClient|* Could not connect to localhost (will retry in 30 seconds)
06/03 19:42:29 SEVERE agentware.SimClient|************************************************************
06/03 19:42:59 SEVERE agentware.ServerConnection|(2) connection to server failed
java.net.ConnectException: Connection refused
	at java.net.PlainSocketImpl.socketConnect(Native Method)
	at java.net.AbstractPlainSocketImpl.doConnect(AbstractPlainSocketImpl.java:345)
	at java.net.AbstractPlainSocketImpl.connectToAddress(AbstractPlainSocketImpl.java:206)
	at java.net.AbstractPlainSocketImpl.connect(AbstractPlainSocketImpl.java:188)
	at java.net.SocksSocketImpl.connect(SocksSocketImpl.java:392)
	at java.net.Socket.connect(Socket.java:589)
	at java.net.Socket.connect(Socket.java:538)
	at java.net.Socket.<init>(Socket.java:434)
	at java.net.Socket.<init>(Socket.java:211)
	at tau.tac.adx.agentware.ServerConnection.connect(ServerConnection.java:136)
	at tau.tac.adx.agentware.ServerConnection.run(ServerConnection.java:199)
	at java.lang.Thread.run(Thread.java:745)
06/03 19:42:59 SEVERE agentware.SimClient|************************************************************
06/03 19:42:59 SEVERE agentware.SimClient|* Connection Failed
06/03 19:42:59 SEVERE agentware.SimClient|* Could not connect to localhost (will retry in 30 seconds)
06/03 19:42:59 SEVERE agentware.SimClient|************************************************************
06/03 19:43:29 SEVERE agentware.ServerConnection|(2) connection to server failed
java.net.ConnectException: Connection refused
	at java.net.PlainSocketImpl.socketConnect(Native Method)
	at java.net.AbstractPlainSocketImpl.doConnect(AbstractPlainSocketImpl.java:345)
	at java.net.AbstractPlainSocketImpl.connectToAddress(AbstractPlainSocketImpl.java:206)
	at java.net.AbstractPlainSocketImpl.connect(AbstractPlainSocketImpl.java:188)
	at java.net.SocksSocketImpl.connect(SocksSocketImpl.java:392)
	at java.net.Socket.connect(Socket.java:589)
	at java.net.Socket.connect(Socket.java:538)
	at java.net.Socket.<init>(Socket.java:434)
	at java.net.Socket.<init>(Socket.java:211)
	at tau.tac.adx.agentware.ServerConnection.connect(ServerConnection.java:136)
	at tau.tac.adx.agentware.ServerConnection.run(ServerConnection.java:199)
	at java.lang.Thread.run(Thread.java:745)
06/03 19:43:29 SEVERE agentware.SimClient|************************************************************
06/03 19:43:29 SEVERE agentware.SimClient|* Connection Failed
06/03 19:43:29 SEVERE agentware.SimClient|* Could not connect to localhost (will retry in 30 seconds)
06/03 19:43:29 SEVERE agentware.SimClient|************************************************************
06/03 19:43:59 SEVERE agentware.ServerConnection|(2) connection to server failed
java.net.ConnectException: Connection refused
	at java.net.PlainSocketImpl.socketConnect(Native Method)
	at java.net.AbstractPlainSocketImpl.doConnect(AbstractPlainSocketImpl.java:345)
	at java.net.AbstractPlainSocketImpl.connectToAddress(AbstractPlainSocketImpl.java:206)
	at java.net.AbstractPlainSocketImpl.connect(AbstractPlainSocketImpl.java:188)
	at java.net.SocksSocketImpl.connect(SocksSocketImpl.java:392)
	at java.net.Socket.connect(Socket.java:589)
	at java.net.Socket.connect(Socket.java:538)
	at java.net.Socket.<init>(Socket.java:434)
	at java.net.Socket.<init>(Socket.java:211)
	at tau.tac.adx.agentware.ServerConnection.connect(ServerConnection.java:136)
	at tau.tac.adx.agentware.ServerConnection.run(ServerConnection.java:199)
	at java.lang.Thread.run(Thread.java:745)
06/03 19:43:59 SEVERE agentware.SimClient|************************************************************
06/03 19:43:59 SEVERE agentware.SimClient|* Connection Failed
06/03 19:43:59 SEVERE agentware.SimClient|* Could not connect to localhost (will retry in 30 seconds)
06/03 19:43:59 SEVERE agentware.SimClient|************************************************************
06/03 19:44:29 SEVERE agentware.ServerConnection|(2) connection to server failed
java.net.ConnectException: Connection refused
	at java.net.PlainSocketImpl.socketConnect(Native Method)
	at java.net.AbstractPlainSocketImpl.doConnect(AbstractPlainSocketImpl.java:345)
	at java.net.AbstractPlainSocketImpl.connectToAddress(AbstractPlainSocketImpl.java:206)
	at java.net.AbstractPlainSocketImpl.connect(AbstractPlainSocketImpl.java:188)
	at java.net.SocksSocketImpl.connect(SocksSocketImpl.java:392)
	at java.net.Socket.connect(Socket.java:589)
	at java.net.Socket.connect(Socket.java:538)
	at java.net.Socket.<init>(Socket.java:434)
	at java.net.Socket.<init>(Socket.java:211)
	at tau.tac.adx.agentware.ServerConnection.connect(ServerConnection.java:136)
	at tau.tac.adx.agentware.ServerConnection.run(ServerConnection.java:199)
	at java.lang.Thread.run(Thread.java:745)
06/03 19:44:29 SEVERE agentware.SimClient|************************************************************
06/03 19:44:29 SEVERE agentware.SimClient|* Connection Failed
06/03 19:44:29 SEVERE agentware.SimClient|* Could not connect to localhost (will retry in 30 seconds)
06/03 19:44:29 SEVERE agentware.SimClient|************************************************************
06/03 19:44:59 SEVERE agentware.ServerConnection|(2) connection to server failed
java.net.ConnectException: Connection refused
	at java.net.PlainSocketImpl.socketConnect(Native Method)
	at java.net.AbstractPlainSocketImpl.doConnect(AbstractPlainSocketImpl.java:345)
	at java.net.AbstractPlainSocketImpl.connectToAddress(AbstractPlainSocketImpl.java:206)
	at java.net.AbstractPlainSocketImpl.connect(AbstractPlainSocketImpl.java:188)
	at java.net.SocksSocketImpl.connect(SocksSocketImpl.java:392)
	at java.net.Socket.connect(Socket.java:589)
	at java.net.Socket.connect(Socket.java:538)
	at java.net.Socket.<init>(Socket.java:434)
	at java.net.Socket.<init>(Socket.java:211)
	at tau.tac.adx.agentware.ServerConnection.connect(ServerConnection.java:136)
	at tau.tac.adx.agentware.ServerConnection.run(ServerConnection.java:199)
	at java.lang.Thread.run(Thread.java:745)
06/03 19:44:59 SEVERE agentware.SimClient|************************************************************
06/03 19:44:59 SEVERE agentware.SimClient|* Connection Failed
06/03 19:44:59 SEVERE agentware.SimClient|* Could not connect to localhost (will retry in 30 seconds)
06/03 19:44:59 SEVERE agentware.SimClient|************************************************************
06/03 19:45:29 SEVERE agentware.ServerConnection|(2) connection to server failed
java.net.ConnectException: Connection refused
	at java.net.PlainSocketImpl.socketConnect(Native Method)
	at java.net.AbstractPlainSocketImpl.doConnect(AbstractPlainSocketImpl.java:345)
	at java.net.AbstractPlainSocketImpl.connectToAddress(AbstractPlainSocketImpl.java:206)
	at java.net.AbstractPlainSocketImpl.connect(AbstractPlainSocketImpl.java:188)
	at java.net.SocksSocketImpl.connect(SocksSocketImpl.java:392)
	at java.net.Socket.connect(Socket.java:589)
	at java.net.Socket.connect(Socket.java:538)
	at java.net.Socket.<init>(Socket.java:434)
	at java.net.Socket.<init>(Socket.java:211)
	at tau.tac.adx.agentware.ServerConnection.connect(ServerConnection.java:136)
	at tau.tac.adx.agentware.ServerConnection.run(ServerConnection.java:199)
	at java.lang.Thread.run(Thread.java:745)
06/03 19:45:29 SEVERE agentware.SimClient|************************************************************
06/03 19:45:29 SEVERE agentware.SimClient|* Connection Failed
06/03 19:45:29 SEVERE agentware.SimClient|* Could not connect to localhost (will retry in 30 seconds)
06/03 19:45:29 SEVERE agentware.SimClient|************************************************************
06/03 19:45:59 SEVERE agentware.ServerConnection|(2) connection to server failed
java.net.ConnectException: Connection refused
	at java.net.PlainSocketImpl.socketConnect(Native Method)
	at java.net.AbstractPlainSocketImpl.doConnect(AbstractPlainSocketImpl.java:345)
	at java.net.AbstractPlainSocketImpl.connectToAddress(AbstractPlainSocketImpl.java:206)
	at java.net.AbstractPlainSocketImpl.connect(AbstractPlainSocketImpl.java:188)
	at java.net.SocksSocketImpl.connect(SocksSocketImpl.java:392)
	at java.net.Socket.connect(Socket.java:589)
	at java.net.Socket.connect(Socket.java:538)
	at java.net.Socket.<init>(Socket.java:434)
	at java.net.Socket.<init>(Socket.java:211)
	at tau.tac.adx.agentware.ServerConnection.connect(ServerConnection.java:136)
	at tau.tac.adx.agentware.ServerConnection.run(ServerConnection.java:199)
	at java.lang.Thread.run(Thread.java:745)
06/03 19:45:59 SEVERE agentware.SimClient|************************************************************
06/03 19:45:59 SEVERE agentware.SimClient|* Connection Failed
06/03 19:45:59 SEVERE agentware.SimClient|* Could not connect to localhost (will retry in 30 seconds)
06/03 19:45:59 SEVERE agentware.SimClient|************************************************************
06/03 19:46:29 SEVERE agentware.ServerConnection|(2) connection to server failed
java.net.ConnectException: Connection refused
	at java.net.PlainSocketImpl.socketConnect(Native Method)
	at java.net.AbstractPlainSocketImpl.doConnect(AbstractPlainSocketImpl.java:345)
	at java.net.AbstractPlainSocketImpl.connectToAddress(AbstractPlainSocketImpl.java:206)
	at java.net.AbstractPlainSocketImpl.connect(AbstractPlainSocketImpl.java:188)
	at java.net.SocksSocketImpl.connect(SocksSocketImpl.java:392)
	at java.net.Socket.connect(Socket.java:589)
	at java.net.Socket.connect(Socket.java:538)
	at java.net.Socket.<init>(Socket.java:434)
	at java.net.Socket.<init>(Socket.java:211)
	at tau.tac.adx.agentware.ServerConnection.connect(ServerConnection.java:136)
	at tau.tac.adx.agentware.ServerConnection.run(ServerConnection.java:199)
	at java.lang.Thread.run(Thread.java:745)
06/03 19:46:29 SEVERE agentware.SimClient|************************************************************
06/03 19:46:29 SEVERE agentware.SimClient|* Connection Failed
06/03 19:46:29 SEVERE agentware.SimClient|* Could not connect to localhost (will retry in 30 seconds)
06/03 19:46:29 SEVERE agentware.SimClient|************************************************************
06/03 19:46:59 SEVERE agentware.ServerConnection|(2) connection to server failed
java.net.ConnectException: Connection refused
	at java.net.PlainSocketImpl.socketConnect(Native Method)
	at java.net.AbstractPlainSocketImpl.doConnect(AbstractPlainSocketImpl.java:345)
	at java.net.AbstractPlainSocketImpl.connectToAddress(AbstractPlainSocketImpl.java:206)
	at java.net.AbstractPlainSocketImpl.connect(AbstractPlainSocketImpl.java:188)
	at java.net.SocksSocketImpl.connect(SocksSocketImpl.java:392)
	at java.net.Socket.connect(Socket.java:589)
	at java.net.Socket.connect(Socket.java:538)
	at java.net.Socket.<init>(Socket.java:434)
	at java.net.Socket.<init>(Socket.java:211)
	at tau.tac.adx.agentware.ServerConnection.connect(ServerConnection.java:136)
	at tau.tac.adx.agentware.ServerConnection.run(ServerConnection.java:199)
	at java.lang.Thread.run(Thread.java:745)
06/03 19:46:59 SEVERE agentware.SimClient|************************************************************
06/03 19:46:59 SEVERE agentware.SimClient|* Connection Failed
06/03 19:46:59 SEVERE agentware.SimClient|* Could not connect to localhost (will retry in 30 seconds)
06/03 19:46:59 SEVERE agentware.SimClient|************************************************************
06/03 19:47:29 SEVERE agentware.ServerConnection|(2) connection to server failed
java.net.ConnectException: Connection refused
	at java.net.PlainSocketImpl.socketConnect(Native Method)
	at java.net.AbstractPlainSocketImpl.doConnect(AbstractPlainSocketImpl.java:345)
	at java.net.AbstractPlainSocketImpl.connectToAddress(AbstractPlainSocketImpl.java:206)
	at java.net.AbstractPlainSocketImpl.connect(AbstractPlainSocketImpl.java:188)
	at java.net.SocksSocketImpl.connect(SocksSocketImpl.java:392)
	at java.net.Socket.connect(Socket.java:589)
	at java.net.Socket.connect(Socket.java:538)
	at java.net.Socket.<init>(Socket.java:434)
	at java.net.Socket.<init>(Socket.java:211)
	at tau.tac.adx.agentware.ServerConnection.connect(ServerConnection.java:136)
	at tau.tac.adx.agentware.ServerConnection.run(ServerConnection.java:199)
	at java.lang.Thread.run(Thread.java:745)
06/03 19:47:29 SEVERE agentware.SimClient|************************************************************
06/03 19:47:29 SEVERE agentware.SimClient|* Connection Failed
06/03 19:47:29 SEVERE agentware.SimClient|* Could not connect to localhost (will retry in 30 seconds)
06/03 19:47:29 SEVERE agentware.SimClient|************************************************************
06/03 19:47:59 SEVERE agentware.ServerConnection|(2) connection to server failed
java.net.ConnectException: Connection refused
	at java.net.PlainSocketImpl.socketConnect(Native Method)
	at java.net.AbstractPlainSocketImpl.doConnect(AbstractPlainSocketImpl.java:345)
	at java.net.AbstractPlainSocketImpl.connectToAddress(AbstractPlainSocketImpl.java:206)
	at java.net.AbstractPlainSocketImpl.connect(AbstractPlainSocketImpl.java:188)
	at java.net.SocksSocketImpl.connect(SocksSocketImpl.java:392)
	at java.net.Socket.connect(Socket.java:589)
	at java.net.Socket.connect(Socket.java:538)
	at java.net.Socket.<init>(Socket.java:434)
	at java.net.Socket.<init>(Socket.java:211)
	at tau.tac.adx.agentware.ServerConnection.connect(ServerConnection.java:136)
	at tau.tac.adx.agentware.ServerConnection.run(ServerConnection.java:199)
	at java.lang.Thread.run(Thread.java:745)
06/03 19:47:59 SEVERE agentware.SimClient|************************************************************
06/03 19:47:59 SEVERE agentware.SimClient|* Connection Failed
06/03 19:47:59 SEVERE agentware.SimClient|* Could not connect to localhost (will retry in 30 seconds)
06/03 19:47:59 SEVERE agentware.SimClient|************************************************************
