06/03 21:18:04 SEVERE agentware.ServerConnection|(1) connection to server failed
java.net.ConnectException: Connection refused
	at java.net.PlainSocketImpl.socketConnect(Native Method)
	at java.net.AbstractPlainSocketImpl.doConnect(AbstractPlainSocketImpl.java:345)
	at java.net.AbstractPlainSocketImpl.connectToAddress(AbstractPlainSocketImpl.java:206)
	at java.net.AbstractPlainSocketImpl.connect(AbstractPlainSocketImpl.java:188)
	at java.net.SocksSocketImpl.connect(SocksSocketImpl.java:392)
	at java.net.Socket.connect(Socket.java:589)
	at java.net.Socket.connect(Socket.java:538)
	at java.net.Socket.<init>(Socket.java:434)
	at java.net.Socket.<init>(Socket.java:211)
	at tau.tac.adx.agentware.ServerConnection.connect(ServerConnection.java:136)
	at tau.tac.adx.agentware.ServerConnection.run(ServerConnection.java:199)
	at java.lang.Thread.run(Thread.java:745)
06/03 21:18:04 SEVERE agentware.SimClient|************************************************************
06/03 21:18:04 SEVERE agentware.SimClient|* Connection Failed
06/03 21:18:04 SEVERE agentware.SimClient|* Could not connect to localhost (will retry in 30 seconds)
06/03 21:18:04 SEVERE agentware.SimClient|************************************************************
06/03 21:18:34 SEVERE agentware.ServerConnection|(1) connection to server failed
java.net.ConnectException: Connection refused
	at java.net.PlainSocketImpl.socketConnect(Native Method)
	at java.net.AbstractPlainSocketImpl.doConnect(AbstractPlainSocketImpl.java:345)
	at java.net.AbstractPlainSocketImpl.connectToAddress(AbstractPlainSocketImpl.java:206)
	at java.net.AbstractPlainSocketImpl.connect(AbstractPlainSocketImpl.java:188)
	at java.net.SocksSocketImpl.connect(SocksSocketImpl.java:392)
	at java.net.Socket.connect(Socket.java:589)
	at java.net.Socket.connect(Socket.java:538)
	at java.net.Socket.<init>(Socket.java:434)
	at java.net.Socket.<init>(Socket.java:211)
	at tau.tac.adx.agentware.ServerConnection.connect(ServerConnection.java:136)
	at tau.tac.adx.agentware.ServerConnection.run(ServerConnection.java:199)
	at java.lang.Thread.run(Thread.java:745)
06/03 21:18:34 SEVERE agentware.SimClient|************************************************************
06/03 21:18:34 SEVERE agentware.SimClient|* Connection Failed
06/03 21:18:34 SEVERE agentware.SimClient|* Could not connect to localhost (will retry in 30 seconds)
06/03 21:18:34 SEVERE agentware.SimClient|************************************************************
06/03 21:19:04 SEVERE agentware.ServerConnection|(1) connection to server failed
java.net.ConnectException: Connection refused
	at java.net.PlainSocketImpl.socketConnect(Native Method)
	at java.net.AbstractPlainSocketImpl.doConnect(AbstractPlainSocketImpl.java:345)
	at java.net.AbstractPlainSocketImpl.connectToAddress(AbstractPlainSocketImpl.java:206)
	at java.net.AbstractPlainSocketImpl.connect(AbstractPlainSocketImpl.java:188)
	at java.net.SocksSocketImpl.connect(SocksSocketImpl.java:392)
	at java.net.Socket.connect(Socket.java:589)
	at java.net.Socket.connect(Socket.java:538)
	at java.net.Socket.<init>(Socket.java:434)
	at java.net.Socket.<init>(Socket.java:211)
	at tau.tac.adx.agentware.ServerConnection.connect(ServerConnection.java:136)
	at tau.tac.adx.agentware.ServerConnection.run(ServerConnection.java:199)
	at java.lang.Thread.run(Thread.java:745)
06/03 21:19:04 SEVERE agentware.SimClient|************************************************************
06/03 21:19:04 SEVERE agentware.SimClient|* Connection Failed
06/03 21:19:04 SEVERE agentware.SimClient|* Could not connect to localhost (will retry in 30 seconds)
06/03 21:19:04 SEVERE agentware.SimClient|************************************************************
06/03 21:19:34 SEVERE agentware.ServerConnection|(1) connection to server failed
java.net.ConnectException: Connection refused
	at java.net.PlainSocketImpl.socketConnect(Native Method)
	at java.net.AbstractPlainSocketImpl.doConnect(AbstractPlainSocketImpl.java:345)
	at java.net.AbstractPlainSocketImpl.connectToAddress(AbstractPlainSocketImpl.java:206)
	at java.net.AbstractPlainSocketImpl.connect(AbstractPlainSocketImpl.java:188)
	at java.net.SocksSocketImpl.connect(SocksSocketImpl.java:392)
	at java.net.Socket.connect(Socket.java:589)
	at java.net.Socket.connect(Socket.java:538)
	at java.net.Socket.<init>(Socket.java:434)
	at java.net.Socket.<init>(Socket.java:211)
	at tau.tac.adx.agentware.ServerConnection.connect(ServerConnection.java:136)
	at tau.tac.adx.agentware.ServerConnection.run(ServerConnection.java:199)
	at java.lang.Thread.run(Thread.java:745)
06/03 21:19:34 SEVERE agentware.SimClient|************************************************************
06/03 21:19:34 SEVERE agentware.SimClient|* Connection Failed
06/03 21:19:34 SEVERE agentware.SimClient|* Could not connect to localhost (will retry in 30 seconds)
06/03 21:19:34 SEVERE agentware.SimClient|************************************************************
06/03 21:20:04 SEVERE agentware.ServerConnection|(1) connection to server failed
java.net.ConnectException: Connection refused
	at java.net.PlainSocketImpl.socketConnect(Native Method)
	at java.net.AbstractPlainSocketImpl.doConnect(AbstractPlainSocketImpl.java:345)
	at java.net.AbstractPlainSocketImpl.connectToAddress(AbstractPlainSocketImpl.java:206)
	at java.net.AbstractPlainSocketImpl.connect(AbstractPlainSocketImpl.java:188)
	at java.net.SocksSocketImpl.connect(SocksSocketImpl.java:392)
	at java.net.Socket.connect(Socket.java:589)
	at java.net.Socket.connect(Socket.java:538)
	at java.net.Socket.<init>(Socket.java:434)
	at java.net.Socket.<init>(Socket.java:211)
	at tau.tac.adx.agentware.ServerConnection.connect(ServerConnection.java:136)
	at tau.tac.adx.agentware.ServerConnection.run(ServerConnection.java:199)
	at java.lang.Thread.run(Thread.java:745)
06/03 21:20:04 SEVERE agentware.SimClient|************************************************************
06/03 21:20:04 SEVERE agentware.SimClient|* Connection Failed
06/03 21:20:04 SEVERE agentware.SimClient|* Could not connect to localhost (will retry in 30 seconds)
06/03 21:20:04 SEVERE agentware.SimClient|************************************************************
06/03 21:20:34 SEVERE agentware.ServerConnection|(1) connection to server failed
java.net.ConnectException: Connection refused
	at java.net.PlainSocketImpl.socketConnect(Native Method)
	at java.net.AbstractPlainSocketImpl.doConnect(AbstractPlainSocketImpl.java:345)
	at java.net.AbstractPlainSocketImpl.connectToAddress(AbstractPlainSocketImpl.java:206)
	at java.net.AbstractPlainSocketImpl.connect(AbstractPlainSocketImpl.java:188)
	at java.net.SocksSocketImpl.connect(SocksSocketImpl.java:392)
	at java.net.Socket.connect(Socket.java:589)
	at java.net.Socket.connect(Socket.java:538)
	at java.net.Socket.<init>(Socket.java:434)
	at java.net.Socket.<init>(Socket.java:211)
	at tau.tac.adx.agentware.ServerConnection.connect(ServerConnection.java:136)
	at tau.tac.adx.agentware.ServerConnection.run(ServerConnection.java:199)
	at java.lang.Thread.run(Thread.java:745)
06/03 21:20:34 SEVERE agentware.SimClient|************************************************************
06/03 21:20:34 SEVERE agentware.SimClient|* Connection Failed
06/03 21:20:34 SEVERE agentware.SimClient|* Could not connect to localhost (will retry in 30 seconds)
06/03 21:20:34 SEVERE agentware.SimClient|************************************************************
06/03 21:21:04 SEVERE agentware.ServerConnection|(1) connection to server failed
java.net.ConnectException: Connection refused
	at java.net.PlainSocketImpl.socketConnect(Native Method)
	at java.net.AbstractPlainSocketImpl.doConnect(AbstractPlainSocketImpl.java:345)
	at java.net.AbstractPlainSocketImpl.connectToAddress(AbstractPlainSocketImpl.java:206)
	at java.net.AbstractPlainSocketImpl.connect(AbstractPlainSocketImpl.java:188)
	at java.net.SocksSocketImpl.connect(SocksSocketImpl.java:392)
	at java.net.Socket.connect(Socket.java:589)
	at java.net.Socket.connect(Socket.java:538)
	at java.net.Socket.<init>(Socket.java:434)
	at java.net.Socket.<init>(Socket.java:211)
	at tau.tac.adx.agentware.ServerConnection.connect(ServerConnection.java:136)
	at tau.tac.adx.agentware.ServerConnection.run(ServerConnection.java:199)
	at java.lang.Thread.run(Thread.java:745)
06/03 21:21:04 SEVERE agentware.SimClient|************************************************************
06/03 21:21:04 SEVERE agentware.SimClient|* Connection Failed
06/03 21:21:04 SEVERE agentware.SimClient|* Could not connect to localhost (will retry in 30 seconds)
06/03 21:21:04 SEVERE agentware.SimClient|************************************************************
06/03 21:21:34 SEVERE agentware.ServerConnection|(1) connection to server failed
java.net.ConnectException: Connection refused
	at java.net.PlainSocketImpl.socketConnect(Native Method)
	at java.net.AbstractPlainSocketImpl.doConnect(AbstractPlainSocketImpl.java:345)
	at java.net.AbstractPlainSocketImpl.connectToAddress(AbstractPlainSocketImpl.java:206)
	at java.net.AbstractPlainSocketImpl.connect(AbstractPlainSocketImpl.java:188)
	at java.net.SocksSocketImpl.connect(SocksSocketImpl.java:392)
	at java.net.Socket.connect(Socket.java:589)
	at java.net.Socket.connect(Socket.java:538)
	at java.net.Socket.<init>(Socket.java:434)
	at java.net.Socket.<init>(Socket.java:211)
	at tau.tac.adx.agentware.ServerConnection.connect(ServerConnection.java:136)
	at tau.tac.adx.agentware.ServerConnection.run(ServerConnection.java:199)
	at java.lang.Thread.run(Thread.java:745)
06/03 21:21:34 SEVERE agentware.SimClient|************************************************************
06/03 21:21:34 SEVERE agentware.SimClient|* Connection Failed
06/03 21:21:34 SEVERE agentware.SimClient|* Could not connect to localhost (will retry in 30 seconds)
06/03 21:21:34 SEVERE agentware.SimClient|************************************************************
06/03 21:22:04 SEVERE agentware.ServerConnection|(1) connection to server failed
java.net.ConnectException: Connection refused
	at java.net.PlainSocketImpl.socketConnect(Native Method)
	at java.net.AbstractPlainSocketImpl.doConnect(AbstractPlainSocketImpl.java:345)
	at java.net.AbstractPlainSocketImpl.connectToAddress(AbstractPlainSocketImpl.java:206)
	at java.net.AbstractPlainSocketImpl.connect(AbstractPlainSocketImpl.java:188)
	at java.net.SocksSocketImpl.connect(SocksSocketImpl.java:392)
	at java.net.Socket.connect(Socket.java:589)
	at java.net.Socket.connect(Socket.java:538)
	at java.net.Socket.<init>(Socket.java:434)
	at java.net.Socket.<init>(Socket.java:211)
	at tau.tac.adx.agentware.ServerConnection.connect(ServerConnection.java:136)
	at tau.tac.adx.agentware.ServerConnection.run(ServerConnection.java:199)
	at java.lang.Thread.run(Thread.java:745)
06/03 21:22:04 SEVERE agentware.SimClient|************************************************************
06/03 21:22:04 SEVERE agentware.SimClient|* Connection Failed
06/03 21:22:04 SEVERE agentware.SimClient|* Could not connect to localhost (will retry in 30 seconds)
06/03 21:22:04 SEVERE agentware.SimClient|************************************************************
06/03 19:22:35 INFO agentware.SimClient|next simulation starts in 24 seconds
06/03 19:22:46 SEVERE agentware.SimClient|************************************************************
06/03 19:22:46 SEVERE agentware.SimClient|* ALERT: Multiple Connections
06/03 19:22:46 SEVERE agentware.SimClient|* The server connection was closed due to new connection
from agent WizardOfAdz@127.0.0.1.
06/03 19:22:46 SEVERE agentware.SimClient|************************************************************
06/03 19:22:46 SEVERE agentware.ServerConnection|(1) could not read
java.io.EOFException
	at java.io.DataInputStream.readInt(DataInputStream.java:392)
	at tau.tac.adx.agentware.ServerConnection.run(ServerConnection.java:221)
	at java.lang.Thread.run(Thread.java:745)
06/03 19:22:46 SEVERE agentware.SimClient|************************************************************
06/03 19:22:46 SEVERE agentware.SimClient|* Connection Lost
06/03 19:22:46 SEVERE agentware.SimClient|* Lost connection to localhost (will reconnect in 30 seconds)
06/03 19:22:46 SEVERE agentware.SimClient|************************************************************
06/03 19:33:00 INFO agentware.SimClient|next simulation starts in 59 seconds
